TN:
SF:src/app.ts
FNF:0
FNH:0
DA:1,1
DA:2,1
DA:3,1
DA:4,1
DA:5,1
DA:6,1
DA:7,1
DA:8,1
DA:9,1
DA:10,1
DA:11,1
DA:12,1
DA:13,1
DA:14,1
DA:15,1
LF:15
LH:15
BRF:0
BRH:0
end_of_record
TN:
SF:src/db/mongoose.ts
FNF:0
FNH:0
DA:1,1
DA:2,1
DA:3,1
DA:4,1
DA:5,1
DA:6,1
DA:7,0
DA:8,0
LF:8
LH:6
BRDA:6,0,0,0
BRF:1
BRH:0
end_of_record
TN:
SF:src/models/grupo.ts
FN:32,validate
FN:49,validate
FN:62,validate
FN:74,validate
FNF:4
FNH:4
FNDA:152,validate
FNDA:152,validate
FNDA:152,validate
FNDA:152,validate
DA:1,1
DA:2,1
DA:3,1
DA:4,1
DA:5,1
DA:6,1
DA:7,1
DA:8,1
DA:9,1
DA:10,1
DA:11,1
DA:12,1
DA:13,1
DA:14,1
DA:15,1
DA:16,1
DA:17,1
DA:18,1
DA:19,1
DA:20,1
DA:21,1
DA:22,1
DA:23,1
DA:24,1
DA:25,1
DA:26,1
DA:27,1
DA:28,1
DA:29,1
DA:30,1
DA:31,1
DA:32,1
DA:33,152
DA:34,0
DA:35,0
DA:36,0
DA:37,0
DA:38,0
DA:39,152
DA:40,1
DA:41,1
DA:42,1
DA:43,1
DA:44,1
DA:45,1
DA:46,1
DA:47,1
DA:48,1
DA:49,1
DA:50,152
DA:51,0
DA:52,0
DA:53,0
DA:54,0
DA:55,0
DA:56,152
DA:57,1
DA:58,1
DA:59,1
DA:60,1
DA:61,1
DA:62,1
DA:63,152
DA:64,0
DA:65,0
DA:66,0
DA:67,0
DA:68,0
DA:69,152
DA:70,1
DA:71,1
DA:72,1
DA:73,1
DA:74,1
DA:75,152
DA:76,152
DA:77,152
DA:78,0
DA:79,0
DA:80,152
DA:81,0
DA:82,0
DA:83,152
DA:84,0
DA:85,0
DA:86,152
DA:87,0
DA:88,0
DA:89,152
DA:90,152
DA:91,152
DA:92,1
DA:93,1
DA:94,1
DA:95,1
LF:95
LH:72
BRDA:32,0,0,152
BRDA:33,1,0,0
BRDA:49,2,0,152
BRDA:50,3,0,0
BRDA:62,4,0,152
BRDA:63,5,0,0
BRDA:74,6,0,152
BRDA:77,7,0,0
BRDA:80,8,0,0
BRDA:83,9,0,0
BRDA:86,10,0,0
BRF:11
BRH:4
end_of_record
TN:
SF:src/models/reto.ts
FN:31,validate
FN:52,validate
FNF:2
FNH:2
FNDA:152,validate
FNDA:152,validate
DA:1,1
DA:2,1
DA:3,1
DA:4,1
DA:5,1
DA:6,1
DA:7,1
DA:8,1
DA:9,1
DA:10,1
DA:11,1
DA:12,1
DA:13,1
DA:14,1
DA:15,1
DA:16,1
DA:17,1
DA:18,1
DA:19,1
DA:20,1
DA:21,1
DA:22,1
DA:23,1
DA:24,1
DA:25,1
DA:26,1
DA:27,1
DA:28,1
DA:29,1
DA:30,1
DA:31,1
DA:32,152
DA:33,0
DA:34,0
DA:35,0
DA:36,0
DA:37,0
DA:38,152
DA:39,1
DA:40,1
DA:41,1
DA:42,1
DA:43,1
DA:44,1
DA:45,1
DA:46,1
DA:47,1
DA:48,1
DA:49,1
DA:50,1
DA:51,1
DA:52,1
DA:53,152
DA:54,0
DA:55,0
DA:56,0
DA:57,0
DA:58,0
DA:59,152
DA:60,1
DA:61,1
DA:62,1
DA:63,1
LF:63
LH:53
BRDA:31,0,0,152
BRDA:32,1,0,0
BRDA:52,2,0,152
BRDA:53,3,0,0
BRF:4
BRH:2
end_of_record
TN:
SF:src/models/ruta.ts
FN:27,validate
FN:36,validate
FN:45,validate
FN:54,validate
FN:63,validate
FN:73,validate
FN:85,validate
FN:94,validate
FNF:8
FNH:8
FNDA:77,validate
FNDA:77,validate
FNDA:77,validate
FNDA:77,validate
FNDA:77,validate
FNDA:77,validate
FNDA:77,validate
FNDA:79,validate
DA:1,1
DA:2,1
DA:3,1
DA:4,1
DA:5,1
DA:6,1
DA:7,1
DA:8,1
DA:9,1
DA:10,1
DA:11,1
DA:12,1
DA:13,1
DA:14,1
DA:15,1
DA:16,1
DA:17,1
DA:18,1
DA:19,1
DA:20,1
DA:21,1
DA:22,1
DA:23,1
DA:24,1
DA:25,1
DA:26,1
DA:27,1
DA:28,77
DA:29,0
DA:30,0
DA:31,77
DA:32,1
DA:33,1
DA:34,1
DA:35,1
DA:36,1
DA:37,77
DA:38,0
DA:39,0
DA:40,77
DA:41,1
DA:42,1
DA:43,1
DA:44,1
DA:45,1
DA:46,77
DA:47,0
DA:48,0
DA:49,77
DA:50,1
DA:51,1
DA:52,1
DA:53,1
DA:54,1
DA:55,77
DA:56,0
DA:57,0
DA:58,77
DA:59,1
DA:60,1
DA:61,1
DA:62,1
DA:63,1
DA:64,77
DA:65,0
DA:66,0
DA:67,77
DA:68,1
DA:69,1
DA:70,1
DA:71,1
DA:72,1
DA:73,1
DA:74,77
DA:75,0
DA:76,0
DA:77,0
DA:78,0
DA:79,0
DA:80,77
DA:81,1
DA:82,1
DA:83,1
DA:84,1
DA:85,1
DA:86,77
DA:87,0
DA:88,0
DA:89,77
DA:90,1
DA:91,1
DA:92,1
DA:93,1
DA:94,1
DA:95,79
DA:96,0
DA:97,0
DA:98,79
DA:99,1
DA:100,1
DA:101,1
DA:102,1
LF:102
LH:83
BRDA:27,0,0,77
BRDA:28,1,0,0
BRDA:36,2,0,77
BRDA:37,3,0,0
BRDA:45,4,0,77
BRDA:46,5,0,0
BRDA:54,6,0,77
BRDA:55,7,0,0
BRDA:63,8,0,77
BRDA:64,9,0,0
BRDA:73,10,0,77
BRDA:74,11,0,0
BRDA:85,12,0,77
BRDA:86,13,0,0
BRDA:86,14,0,0
BRDA:86,15,0,0
BRDA:94,16,0,79
BRDA:95,17,0,0
BRF:18
BRH:8
end_of_record
TN:
SF:src/models/usuario.ts
FN:30,validate
FN:40,validate
FN:53,validate
FN:66,validate
FN:79,validate
FN:102,validate
FNF:6
FNH:6
FNDA:152,validate
FNDA:152,validate
FNDA:152,validate
FNDA:152,validate
FNDA:152,validate
FNDA:152,validate
DA:1,1
DA:2,1
DA:3,1
DA:4,1
DA:5,1
DA:6,1
DA:7,1
DA:8,1
DA:9,1
DA:10,1
DA:11,1
DA:12,1
DA:13,1
DA:14,1
DA:15,1
DA:16,1
DA:17,1
DA:18,1
DA:19,1
DA:20,1
DA:21,1
DA:22,1
DA:23,1
DA:24,1
DA:25,1
DA:26,1
DA:27,1
DA:28,1
DA:29,1
DA:30,1
DA:31,152
DA:32,0
DA:33,0
DA:34,152
DA:35,1
DA:36,1
DA:37,1
DA:38,1
DA:39,1
DA:40,1
DA:41,152
DA:42,0
DA:43,0
DA:44,0
DA:45,0
DA:46,0
DA:47,152
DA:48,1
DA:49,1
DA:50,1
DA:51,1
DA:52,1
DA:53,1
DA:54,152
DA:55,0
DA:56,0
DA:57,0
DA:58,0
DA:59,0
DA:60,152
DA:61,1
DA:62,1
DA:63,1
DA:64,1
DA:65,1
DA:66,1
DA:67,152
DA:68,0
DA:69,0
DA:70,0
DA:71,0
DA:72,0
DA:73,152
DA:74,1
DA:75,1
DA:76,1
DA:77,1
DA:78,1
DA:79,1
DA:80,152
DA:81,0
DA:82,0
DA:83,0
DA:84,0
DA:85,0
DA:86,0
DA:87,0
DA:88,152
DA:89,1
DA:90,1
DA:91,1
DA:92,1
DA:93,1
DA:94,1
DA:95,1
DA:96,1
DA:97,1
DA:98,1
DA:99,1
DA:100,1
DA:101,1
DA:102,1
DA:103,152
DA:104,152
DA:105,152
DA:106,0
DA:107,0
DA:108,152
DA:109,0
DA:110,0
DA:111,152
DA:112,0
DA:113,0
DA:114,152
DA:115,0
DA:116,0
DA:117,152
DA:118,152
DA:119,152
DA:120,1
DA:121,1
DA:122,1
DA:123,1
LF:123
LH:91
BRDA:30,0,0,152
BRDA:31,1,0,0
BRDA:40,2,0,152
BRDA:41,3,0,0
BRDA:53,4,0,152
BRDA:54,5,0,0
BRDA:66,6,0,152
BRDA:67,7,0,0
BRDA:79,8,0,152
BRDA:80,9,0,0
BRDA:102,10,0,152
BRDA:105,11,0,0
BRDA:108,12,0,0
BRDA:111,13,0,0
BRDA:114,14,0,0
BRF:15
BRH:6
end_of_record
TN:
SF:src/routers/default.ts
FNF:0
FNH:0
DA:1,1
DA:2,1
DA:3,1
DA:4,1
DA:5,1
DA:6,0
DA:7,1
LF:7
LH:6
BRF:0
BRH:0
end_of_record
TN:
SF:src/routers/servidor_grupo.ts
FNF:0
FNH:0
DA:1,1
DA:2,1
DA:3,1
DA:4,1
DA:5,1
DA:6,1
DA:7,1
DA:8,1
DA:9,1
DA:10,1
DA:11,1
DA:12,2
DA:13,2
DA:14,2
DA:15,1
DA:16,1
DA:17,1
DA:18,1
DA:19,1
DA:20,1
DA:21,1
DA:22,1
DA:23,2
DA:24,2
DA:25,2
DA:26,2
DA:27,1
DA:28,1
DA:29,1
DA:30,2
DA:31,0
DA:32,0
DA:33,1
DA:34,1
DA:35,1
DA:36,3
DA:37,3
DA:38,3
DA:39,1
DA:40,1
DA:41,1
DA:42,1
DA:43,1
DA:44,1
DA:45,1
DA:46,1
DA:47,1
DA:48,1
DA:49,1
DA:50,3
DA:51,1
DA:52,1
DA:53,1
DA:54,1
DA:55,3
DA:56,3
DA:57,3
DA:58,3
DA:59,1
DA:60,1
DA:61,1
DA:62,1
DA:63,2
DA:64,2
DA:65,2
DA:66,2
DA:67,2
DA:68,2
DA:69,2
DA:70,3
DA:71,0
DA:72,0
DA:73,1
DA:74,1
DA:75,1
DA:76,1
DA:77,1
DA:78,1
DA:79,1
DA:80,1
DA:81,3
DA:82,3
DA:83,3
DA:84,3
DA:85,3
DA:86,1
DA:87,1
DA:88,1
DA:89,1
DA:90,2
DA:91,2
DA:92,2
DA:93,2
DA:94,2
DA:95,2
DA:96,2
DA:97,3
DA:98,0
DA:99,0
DA:100,1
DA:101,1
DA:102,1
DA:103,1
DA:104,1
DA:105,1
DA:106,1
DA:107,1
DA:108,4
DA:109,1
DA:110,1
DA:111,1
DA:112,4
DA:113,3
DA:114,3
DA:115,3
DA:116,2
DA:117,2
DA:118,1
DA:119,1
DA:120,3
DA:121,0
DA:122,0
DA:123,3
DA:124,1
DA:125,1
DA:126,1
DA:127,2
DA:128,2
DA:129,2
DA:130,0
DA:131,0
DA:132,2
DA:133,1
DA:134,1
DA:135,1
DA:136,1
DA:137,1
LF:137
LH:127
BRDA:11,0,0,2
BRDA:15,1,0,1
BRDA:22,2,0,2
BRDA:23,3,0,0
BRDA:26,4,0,1
BRDA:30,5,0,0
BRDA:35,6,0,3
BRDA:38,7,0,2
BRDA:38,8,0,1
BRDA:49,9,0,3
BRDA:50,10,0,1
BRDA:58,11,0,1
BRDA:62,12,0,2
BRDA:70,13,0,1
BRDA:70,14,0,0
BRDA:72,15,0,1
BRDA:57,16,0,3
BRDA:80,17,0,3
BRDA:85,18,0,1
BRDA:89,19,0,2
BRDA:97,20,0,1
BRDA:97,21,0,0
BRDA:99,22,0,1
BRDA:84,23,0,3
BRDA:107,24,0,4
BRDA:108,25,0,1
BRDA:112,26,0,3
BRDA:115,27,0,2
BRDA:118,28,0,1
BRDA:120,29,0,0
BRDA:126,30,0,2
BRDA:129,31,0,0
BRDA:133,32,0,1
BRF:33
BRH:27
end_of_record
TN:
SF:src/routers/servidor_reto.ts
FNF:0
FNH:0
DA:1,1
DA:2,1
DA:3,1
DA:4,1
DA:5,1
DA:6,1
DA:7,1
DA:8,1
DA:9,1
DA:10,1
DA:11,1
DA:12,2
DA:13,2
DA:14,2
DA:15,1
DA:16,1
DA:17,1
DA:18,1
DA:19,2
DA:20,2
DA:21,1
DA:22,1
DA:23,1
DA:24,2
DA:25,2
DA:26,2
DA:27,2
DA:28,1
DA:29,1
DA:30,1
DA:31,2
DA:32,0
DA:33,0
DA:34,1
DA:35,1
DA:36,1
DA:37,3
DA:38,3
DA:39,3
DA:40,2
DA:41,2
DA:42,2
DA:43,2
DA:44,1
DA:45,3
DA:46,0
DA:47,0
DA:48,1
DA:49,1
DA:50,1
DA:51,3
DA:52,1
DA:53,1
DA:54,1
DA:55,1
DA:56,3
DA:57,3
DA:58,3
DA:59,3
DA:60,1
DA:61,1
DA:62,1
DA:63,1
DA:64,2
DA:65,2
DA:66,2
DA:67,2
DA:68,2
DA:69,2
DA:70,2
DA:71,3
DA:72,0
DA:73,0
DA:74,1
DA:75,1
DA:76,1
DA:77,1
DA:78,1
DA:79,1
DA:80,1
DA:81,3
DA:82,3
DA:83,3
DA:84,3
DA:85,3
DA:86,1
DA:87,1
DA:88,1
DA:89,1
DA:90,2
DA:91,2
DA:92,2
DA:93,2
DA:94,2
DA:95,2
DA:96,2
DA:97,3
DA:98,0
DA:99,0
DA:100,1
DA:101,1
DA:102,1
DA:103,1
DA:104,1
DA:105,1
DA:106,1
DA:107,1
DA:108,3
DA:109,1
DA:110,1
DA:111,1
DA:112,3
DA:113,2
DA:114,2
DA:115,2
DA:116,2
DA:117,2
DA:118,0
DA:119,0
DA:120,0
DA:121,0
DA:122,0
DA:123,0
DA:124,0
DA:125,0
DA:126,2
DA:127,1
DA:128,1
DA:129,1
DA:130,3
DA:131,3
DA:132,3
DA:133,0
DA:134,0
DA:135,2
DA:136,2
DA:137,3
DA:138,2
DA:139,2
DA:140,3
DA:141,1
DA:142,1
DA:143,1
LF:143
LH:125
BRDA:11,0,0,2
BRDA:15,1,0,1
BRDA:23,2,0,2
BRDA:24,3,0,0
BRDA:27,4,0,1
BRDA:31,5,0,0
BRDA:36,6,0,3
BRDA:39,7,0,2
BRDA:44,8,0,1
BRDA:45,9,0,0
BRDA:50,10,0,3
BRDA:51,11,0,1
BRDA:59,12,0,1
BRDA:63,13,0,2
BRDA:71,14,0,1
BRDA:71,15,0,0
BRDA:74,16,0,1
BRDA:58,17,0,3
BRDA:80,18,0,3
BRDA:85,19,0,1
BRDA:89,20,0,2
BRDA:97,21,0,1
BRDA:97,22,0,0
BRDA:99,23,0,1
BRDA:84,24,0,3
BRDA:107,25,0,3
BRDA:108,26,0,1
BRDA:112,27,0,2
BRDA:118,28,0,0
BRDA:129,29,0,3
BRDA:132,30,0,2
BRDA:132,31,0,0
BRDA:135,32,0,2
BRDA:137,33,0,0
BRDA:138,34,0,2
BRDA:140,35,0,1
BRF:36
BRH:28
end_of_record
TN:
SF:src/routers/servidor_ruta.ts
FNF:0
FNH:0
DA:1,1
DA:2,1
DA:3,1
DA:4,1
DA:5,1
DA:6,1
DA:7,1
DA:8,1
DA:9,1
DA:10,1
DA:11,1
DA:12,1
DA:13,2
DA:14,2
DA:15,2
DA:16,1
DA:17,1
DA:18,1
DA:19,1
DA:20,1
DA:21,1
DA:22,1
DA:23,2
DA:24,2
DA:25,2
DA:26,2
DA:27,1
DA:28,1
DA:29,1
DA:30,2
DA:31,0
DA:32,0
DA:33,1
DA:34,1
DA:35,1
DA:36,3
DA:37,3
DA:38,3
DA:39,1
DA:40,1
DA:41,1
DA:42,1
DA:43,1
DA:44,1
DA:45,1
DA:46,1
DA:47,1
DA:48,1
DA:49,1
DA:50,4
DA:51,1
DA:52,1
DA:53,1
DA:54,1
DA:55,3
DA:56,3
DA:57,3
DA:58,4
DA:59,2
DA:60,2
DA:61,2
DA:62,2
DA:63,1
DA:64,1
DA:65,1
DA:66,1
DA:67,1
DA:68,1
DA:69,1
DA:70,1
DA:71,1
DA:72,1
DA:73,0
DA:74,0
DA:75,0
DA:76,0
DA:77,1
DA:78,1
DA:79,1
DA:80,3
DA:81,3
DA:82,3
DA:83,3
DA:84,3
DA:85,3
DA:86,1
DA:87,1
DA:88,1
DA:89,1
DA:90,2
DA:91,2
DA:92,2
DA:93,2
DA:94,2
DA:95,2
DA:96,2
DA:97,3
DA:98,0
DA:99,0
DA:100,1
DA:101,1
DA:102,1
DA:103,1
DA:104,1
DA:105,1
DA:106,1
DA:107,4
DA:108,1
DA:109,1
DA:110,1
DA:111,4
DA:112,3
DA:113,3
DA:114,3
DA:115,2
DA:116,2
DA:117,3
DA:118,3
DA:119,3
DA:120,3
DA:121,3
DA:122,3
DA:123,3
DA:124,3
DA:125,3
DA:126,3
DA:127,3
DA:128,3
DA:129,2
DA:130,2
DA:131,3
DA:132,4
DA:133,1
DA:134,1
DA:135,1
DA:136,2
DA:137,2
DA:138,2
DA:139,0
DA:140,0
DA:141,1
DA:142,1
DA:143,2
DA:144,1
DA:145,1
DA:146,2
DA:147,1
DA:148,1
DA:149,2
DA:150,1
DA:151,1
DA:152,1
DA:153,1
DA:154,1
DA:155,1
LF:155
LH:145
BRDA:12,0,0,2
BRDA:16,1,0,1
BRDA:22,2,0,2
BRDA:23,3,0,0
BRDA:26,4,0,1
BRDA:30,5,0,0
BRDA:35,6,0,3
BRDA:38,7,0,2
BRDA:38,8,0,1
BRDA:49,9,0,4
BRDA:50,10,0,1
BRDA:55,11,0,3
BRDA:58,12,0,2
BRDA:63,13,0,1
BRDA:73,14,0,0
BRDA:57,15,0,3
BRDA:79,16,0,3
BRDA:85,17,0,1
BRDA:89,18,0,2
BRDA:97,19,0,1
BRDA:97,20,0,0
BRDA:100,21,0,1
BRDA:83,22,0,3
BRDA:106,23,0,4
BRDA:107,24,0,1
BRDA:111,25,0,3
BRDA:114,26,0,2
BRDA:119,27,0,1
BRDA:119,28,0,2
BRDA:122,29,0,1
BRDA:122,30,0,2
BRDA:125,31,0,1
BRDA:125,32,0,2
BRDA:128,33,0,2
BRDA:135,34,0,2
BRDA:138,35,0,1
BRDA:138,36,0,0
BRDA:141,37,0,1
BRDA:143,38,0,0
BRDA:144,39,0,1
BRDA:146,40,0,0
BRDA:147,41,0,1
BRDA:149,42,0,0
BRDA:150,43,0,1
BRF:44
BRH:36
end_of_record
TN:
SF:src/routers/servidor_usuario.ts
FNF:0
FNH:0
DA:1,1
DA:2,1
DA:3,1
DA:4,1
DA:5,1
DA:6,1
DA:7,1
DA:8,1
DA:9,1
DA:10,1
DA:11,1
DA:12,1
DA:13,2
DA:14,2
DA:15,2
DA:16,1
DA:17,1
DA:18,1
DA:19,1
DA:20,1
DA:21,1
DA:22,1
DA:23,2
DA:24,2
DA:25,2
DA:26,2
DA:27,1
DA:28,1
DA:29,1
DA:30,2
DA:31,0
DA:32,0
DA:33,1
DA:34,1
DA:35,1
DA:36,3
DA:37,3
DA:38,3
DA:39,1
DA:40,1
DA:41,1
DA:42,1
DA:43,1
DA:44,1
DA:45,1
DA:46,1
DA:47,1
DA:48,1
DA:49,1
DA:50,4
DA:51,1
DA:52,1
DA:53,1
DA:54,1
DA:55,3
DA:56,3
DA:57,3
DA:58,4
DA:59,2
DA:60,2
DA:61,2
DA:62,2
DA:63,1
DA:64,1
DA:65,1
DA:66,1
DA:67,1
DA:68,1
DA:69,1
DA:70,1
DA:71,1
DA:72,1
DA:73,0
DA:74,0
DA:75,0
DA:76,0
DA:77,1
DA:78,1
DA:79,1
DA:80,3
DA:81,3
DA:82,3
DA:83,3
DA:84,3
DA:85,1
DA:86,1
DA:87,1
DA:88,1
DA:89,2
DA:90,2
DA:91,2
DA:92,2
DA:93,2
DA:94,2
DA:95,2
DA:96,1
DA:97,1
DA:98,1
DA:99,0
DA:100,3
DA:101,1
DA:102,1
DA:103,3
DA:104,1
DA:105,1
DA:106,1
DA:107,4
DA:108,1
DA:109,1
DA:110,1
DA:111,4
DA:112,3
DA:113,3
DA:114,3
DA:115,2
DA:116,2
DA:117,1
DA:118,1
DA:119,3
DA:120,1
DA:121,1
DA:122,1
DA:123,3
DA:124,1
DA:125,1
DA:126,1
DA:127,3
DA:128,1
DA:129,1
DA:130,1
DA:131,3
DA:132,1
DA:133,1
DA:134,1
DA:135,3
DA:136,1
DA:137,1
DA:138,1
DA:139,3
DA:140,1
DA:141,1
DA:142,1
DA:143,3
DA:144,0
DA:145,0
DA:146,3
DA:147,1
DA:148,1
DA:149,1
DA:150,1
DA:151,3
DA:152,3
DA:153,3
DA:154,1
DA:155,1
DA:156,1
DA:157,1
DA:158,3
DA:159,1
DA:160,1
DA:161,1
DA:162,3
DA:163,1
DA:164,1
DA:165,1
DA:166,3
DA:167,1
DA:168,1
DA:169,1
DA:170,3
DA:171,1
DA:172,1
DA:173,1
DA:174,3
DA:175,1
DA:176,1
DA:177,1
DA:178,3
DA:179,1
DA:180,1
DA:181,1
DA:182,1
DA:183,1
DA:184,1
LF:184
LH:175
BRDA:12,0,0,2
BRDA:16,1,0,1
BRDA:22,2,0,2
BRDA:23,3,0,0
BRDA:26,4,0,1
BRDA:30,5,0,0
BRDA:35,6,0,3
BRDA:38,7,0,2
BRDA:38,8,0,1
BRDA:49,9,0,4
BRDA:50,10,0,1
BRDA:55,11,0,3
BRDA:58,12,0,2
BRDA:63,13,0,1
BRDA:73,14,0,0
BRDA:57,15,0,3
BRDA:79,16,0,3
BRDA:84,17,0,1
BRDA:89,18,0,2
BRDA:96,19,0,1
BRDA:99,20,0,0
BRDA:100,21,0,1
BRDA:83,22,0,3
BRDA:106,23,0,4
BRDA:107,24,0,1
BRDA:111,25,0,3
BRDA:114,26,0,2
BRDA:117,27,0,1
BRDA:119,28,0,0
BRDA:120,29,0,1
BRDA:123,30,0,0
BRDA:124,31,0,1
BRDA:127,32,0,0
BRDA:128,33,0,1
BRDA:131,34,0,0
BRDA:132,35,0,1
BRDA:135,36,0,0
BRDA:136,37,0,1
BRDA:139,38,0,0
BRDA:140,39,0,1
BRDA:143,40,0,0
BRDA:150,41,0,3
BRDA:153,42,0,2
BRDA:153,43,0,1
BRDA:158,44,0,0
BRDA:159,45,0,1
BRDA:162,46,0,0
BRDA:163,47,0,1
BRDA:166,48,0,0
BRDA:167,49,0,1
BRDA:170,50,0,0
BRDA:171,51,0,1
BRDA:174,52,0,0
BRDA:175,53,0,1
BRDA:178,54,0,0
BRDA:179,55,0,1
BRF:56
BRH:39
end_of_record
